Flutter crash report; please file at https://github.com/flutter/flutter/issues.

## command

flutter build flx --suppress-analytics --target F:\Misc\PRo\company_name\lib\main.dart --no-preview-dart-2 --output-file F:\Misc\PRo\company_name\build\app\intermediates\flutter\debug/app.flx --depfile F:\Misc\PRo\company_name\build\app\intermediates\flutter\debug/snapshot_blob.bin.d --snapshot F:\Misc\PRo\company_name\build\app\intermediates\flutter\debug/snapshot_blob.bin --working-dir F:\Misc\PRo\company_name\build\app\intermediates\flutter\debug/flutter_assets

## exception

FileSystemException: FileSystemException: Deletion failed, path = 'F:\Training\flutter\bin\cache\pkg\sky_engine' (OS Error: The process cannot access the file because it is being used by another process.
, errno = 32)

```
#0      _Directory._deleteSync (dart:io/directory_impl.dart:174)
#1      FileSystemEntity.deleteSync (dart:io/file_system_entity.dart:451)
#2      ForwardingFileSystemEntity.deleteSync (package:file/src/forwarding/forwarding_file_system_entity.dart:68)
#3      FlutterEngine.updateInner (package:flutter_tools/src/cache.dart:445)
<asynchronous suspension>
#4      CachedArtifact.update (package:flutter_tools/src/cache.dart:228)
<asynchronous suspension>
#5      Cache.updateAll (package:flutter_tools/src/cache.dart:195)
<asynchronous suspension>
#6      FlutterCommand.verifyThenRunCommand (package:flutter_tools/src/runner/flutter_command.dart:317)
<asynchronous suspension>
#7      FlutterCommand.run.<anonymous closure> (package:flutter_tools/src/runner/flutter_command.dart:270)
<asynchronous suspension>
#8      AppContext.run.<anonymous closure> (package:flutter_tools/src/base/context.dart:142)
<asynchronous suspension>
#9      _rootRun (dart:async/zone.dart:1126)
#10     _CustomZone.run (dart:async/zone.dart:1023)
#11     runZoned (dart:async/zone.dart:1501)
#12     AppContext.run (package:flutter_tools/src/base/context.dart:141)
<asynchronous suspension>
#13     FlutterCommand.run (package:flutter_tools/src/runner/flutter_command.dart:261)
#14     CommandRunner.runCommand (package:args/command_runner.dart:194)
<asynchronous suspension>
#15     FlutterCommandRunner.runCommand.<anonymous closure> (package:flutter_tools/src/runner/flutter_command_runner.dart:298)
<asynchronous suspension>
#16     AppContext.run.<anonymous closure> (package:flutter_tools/src/base/context.dart:142)
<asynchronous suspension>
#17     _rootRun (dart:async/zone.dart:1126)
#18     _CustomZone.run (dart:async/zone.dart:1023)
#19     runZoned (dart:async/zone.dart:1501)
#20     AppContext.run (package:flutter_tools/src/base/context.dart:141)
<asynchronous suspension>
#21     FlutterCommandRunner.runCommand (package:flutter_tools/src/runner/flutter_command_runner.dart:254)
<asynchronous suspension>
#22     CommandRunner.run.<anonymous closure> (package:args/command_runner.dart:109)
#23     new Future.sync (dart:async/future.dart:222)
#24     CommandRunner.run (package:args/command_runner.dart:109)
#25     FlutterCommandRunner.run (package:flutter_tools/src/runner/flutter_command_runner.dart:168)
#26     run.<anonymous closure> (package:flutter_tools/runner.dart:54)
<asynchronous suspension>
#27     AppContext.run.<anonymous closure> (package:flutter_tools/src/base/context.dart:142)
<asynchronous suspension>
#28     _rootRun (dart:async/zone.dart:1126)
#29     _CustomZone.run (dart:async/zone.dart:1023)
#30     runZoned (dart:async/zone.dart:1501)
#31     AppContext.run (package:flutter_tools/src/base/context.dart:141)
<asynchronous suspension>
#32     runInContext (package:flutter_tools/src/context_runner.dart:41)
<asynchronous suspension>
#33     run (package:flutter_tools/runner.dart:49)
#34     main (package:flutter_tools/executable.dart:48)
<asynchronous suspension>
#35     main (file:///F:/Training/flutter/packages/flutter_tools/bin/flutter_tools.dart:16)
#36     _startIsolate.<anonymous closure> (dart:isolate-patch/dart:isolate/isolate_patch.dart:277)
#37     _RawReceivePortImpl._handleMessage (dart:isolate-patch/dart:isolate/isolate_patch.dart:165)
```

## flutter doctor

```
[!] Flutter (Channel beta, v0.2.8, on Microsoft Windows [Version 10.0.16299.248], locale en-IN)
    • Flutter version 0.2.8 at F:\Training\flutter
    • Framework revision b397406561 (10 days ago), 2018-04-02 13:53:20 -0700
    • Engine revision c903c217a1
    • Dart version 2.0.0-dev.43.0.flutter-52afcba357
    ✗ Downloaded executables cannot execute on host.
      See https://github.com/flutter/flutter/issues/6207 for more information
      

[!] Android toolchain - develop for Android devices (Android SDK 28.0.0-rc1)
    • Android SDK at C:\Users\Vortex\AppData\Local\Android\android-sdk
    • Android NDK location not configured (optional; useful for native profiling support)
    • Platform android-27, build-tools 28.0.0-rc1
    • Java binary at: C:\Program Files\Android\Android Studio\jre\bin\java
    • Java version OpenJDK Runtime Environment (build 1.8.0_152-release-1024-b02)
    ! Some Android licenses not accepted.  To resolve this, run: flutter doctor --android-licenses

[✓] Android Studio (version 3.1)
    • Android Studio at C:\Program Files\Android\Android Studio
    • Java version OpenJDK Runtime Environment (build 1.8.0_152-release-1024-b02)

[✓] Connected devices (1 available)
    • ONE A2003 • c3cdf8b2 • android-arm64 • Android 6.0.1 (API 23)

! Doctor found issues in 2 categories.
```
